2025-07-13 11:28:00 | WARN | repo=auction | action=test | passed=true
2025-12-13 07:07:00 | INFO | repo=auction | action=pull
2025-12-16 08:43:00 | INFO | repo=auction | action=edit | files=4
2025-05-12 21:28:00 | DEBUG | repo=auction | action=test | passed=true
2025-10-24 20:13:00 | INFO | repo=auction | action=pull
2025-10-11 21:47:00 | WARN | repo=auction | action=edit | files=2
2025-01-05 19:05:00 | DEBUG | repo=auction | action=test | passed=true
2025-06-21 12:46:00 | WARN | repo=auction | action=commit
2025-04-10 18:08:00 | INFO | repo=auction | action=commit
2025-12-08 20:26:00 | INFO | repo=auction | action=edit | files=5
2025-10-07 07:38:00 | WARN | repo=auction | action=test | passed=true
2025-08-12 07:22:00 | INFO | repo=auction | action=commit
2025-01-09 17:37:00 | DEBUG | repo=auction | action=commit
2025-03-14 11:03:00 | WARN | repo=auction | action=commit
2025-01-06 15:01:00 | WARN | repo=auction | action=commit
2025-05-13 20:47:00 | WARN | repo=auction | action=commit
2025-03-27 08:53:00 | INFO | repo=auction | action=commit
2025-11-01 11:07:00 | DEBUG | repo=auction | action=pull
2025-03-14 10:49:00 | WARN | repo=auction | action=pull
2025-12-21 12:52:00 | WARN | repo=auction | action=pull
2025-04-21 10:08:00 | DEBUG | repo=auction | action=commit
2025-11-07 20:39:00 | INFO | repo=auction | action=commit
2025-02-07 13:34:00 | WARN | repo=auction | action=pull
2025-05-06 12:41:00 | WARN | repo=auction | action=test | passed=true
2025-05-26 07:37:00 | DEBUG | repo=auction | action=commit
2025-02-09 08:20:00 | INFO | repo=auction | action=pull
2025-02-25 19:49:00 | WARN | repo=auction | action=commit
2025-11-13 14:37:00 | WARN | repo=auction | action=test | passed=true
2025-03-19 10:51:00 | WARN | repo=auction | action=commit
2025-07-18 16:21:00 | WARN | repo=auction | action=commit
2025-06-17 13:08:00 | INFO | repo=auction | action=commit
2025-11-08 19:51:00 | DEBUG | repo=auction | action=edit | files=3
2025-06-05 09:56:00 | WARN | repo=auction | action=pull
2025-10-13 08:15:00 | WARN | repo=auction | action=commit
2025-11-05 19:20:00 | INFO | repo=auction | action=commit
2025-04-23 11:10:00 | INFO | repo=auction | action=test | passed=true
2025-12-24 13:32:00 | INFO | repo=auction | action=edit | files=1
2025-12-08 20:28:00 | INFO | repo=auction | action=test | passed=true
2025-12-10 13:08:00 | DEBUG | repo=auction | action=pull
2025-08-14 07:12:00 | DEBUG | repo=auction | action=commit
